<?xml version="1.0" encoding="UTF-8"?>
<!-- Generated by org.testng.reporters.JUnitReportReporter -->
<testsuite hostname="LAPTOP-RRO4KGR3" name="com.TestCases.Scenario1" tests="3" failures="0" timestamp="23 Jul 2021 16:13:10 GMT" time="60.384" errors="0">
  <testcase name="T2_T3" time="21.502" classname="com.TestCases.Scenario1"/>
  <testcase name="T4" time="25.164" classname="com.TestCases.Scenario1"/>
  <testcase name="T1" time="13.718" classname="com.TestCases.Scenario1"/>
</testsuite> <!-- com.TestCases.Scenario1 -->
