<?xml version="1.0" encoding="UTF-8"?>
<!-- Generated by org.testng.reporters.JUnitReportReporter -->
<testsuite hostname="LAPTOP-RRO4KGR3" name="com.TestCases.Scenario3" tests="1" failures="0" timestamp="23 Jul 2021 16:13:10 GMT" time="225.994" errors="0">
  <testcase name="T1" time="225.994" classname="com.TestCases.Scenario3"/>
</testsuite> <!-- com.TestCases.Scenario3 -->
