<?xml version="1.0" encoding="UTF-8"?>
<!-- Generated by org.testng.reporters.JUnitReportReporter -->
<testsuite hostname="TXCHD-LAP-117" failures="0" tests="1" name="com.TestCases.HomePageLinksTest" time="10.431" errors="0" timestamp="19 Jun 2021 16:00:18 GMT">
  <testcase classname="com.TestCases.HomePageLinksTest" name="d" time="10.431"/>
</testsuite> <!-- com.TestCases.HomePageLinksTest -->
