<?xml version="1.0" encoding="UTF-8"?>
<!-- Generated by org.testng.reporters.JUnitReportReporter -->
<testsuite hostname="TXCHD-LAP-117" failures="0" tests="3" name="com.TestCases.Scenario6" time="37.525" errors="0" timestamp="7 Jul 2021 13:33:27 GMT">
  <testcase classname="com.TestCases.Scenario6" name="SignOut" time="13.545"/>
  <testcase classname="com.TestCases.Scenario6" name="SignIn" time="12.908"/>
  <testcase classname="com.TestCases.Scenario6" name="WrongCredentials" time="11.072"/>
</testsuite> <!-- com.TestCases.Scenario6 -->
