<?xml version="1.0" encoding="UTF-8"?>
<!-- Generated by org.testng.reporters.JUnitReportReporter -->
<testsuite hostname="TXCHD-LAP-117" failures="0" tests="1" name="com.Utils.ExtentReport" time="0.573" errors="0" timestamp="4 Jul 2021 05:59:11 GMT">
  <testcase classname="com.Utils.ExtentReport" name="a" time="0.573"/>
</testsuite> <!-- com.Utils.ExtentReport -->
