<?xml version="1.0" encoding="UTF-8"?>
<!-- Generated by org.testng.reporters.JUnitReportReporter -->
<testsuite hostname="TXCHD-LAP-117" failures="0" tests="1" name="com.TestCases.Scenario3" time="17.801" errors="0" timestamp="6 Jul 2021 07:20:30 GMT">
  <testcase classname="com.TestCases.Scenario3" name="T1" time="17.801"/>
</testsuite> <!-- com.TestCases.Scenario3 -->
